<?xml version="1.0" encoding="UTF-8"?>
<!-- Generated by org.testng.reporters.JUnitXMLReporter -->
<testsuite ignored="0" hostname="DESKTOP-T5MI7TC" failures="0" tests="4" name="Test" time="0.234" errors="0" timestamp="2023-01-18T11:36:41 IST">
  <testcase classname="Practice.Groupexecution1" name="sample1" time="0.033"/>
  <testcase classname="Practice.Groupexecution1" name="sample2" time="0.003"/>
  <testcase classname="Practice.Groupexecution2" name="sample3" time="0.007"/>
  <testcase classname="Practice.Groupexecution2" name="sample4" time="0.004"/>
</testsuite> <!-- Test -->
