<?xml version="1.0" encoding="UTF-8"?>
<testng-results ignored="0" total="1" passed="1" failed="0" skipped="0">
  <reporter-output>
  </reporter-output>
  <suite started-at="2023-05-11T17:01:07 IST" name="Default suite" finished-at="2023-05-11T17:01:27 IST" duration-ms="20174">
    <groups>
    </groups>
    <test started-at="2023-05-11T17:01:07 IST" name="Default test" finished-at="2023-05-11T17:01:27 IST" duration-ms="20174">
      <class name="Practice.NEW">
        <test-method signature="testtt()[pri:0, instance:Practice.NEW@4b0b0854]" started-at="2023-05-11T17:01:07 IST" name="testtt" finished-at="2023-05-11T17:01:27 IST" duration-ms="20112" status="PASS">
          <reporter-output>
          </reporter-output>
        </test-method> <!-- testtt -->
      </class> <!-- Practice.NEW -->
    </test> <!-- Default test -->
  </suite> <!-- Default suite -->
</testng-results>
