<?xml version="1.0" encoding="UTF-8"?>
<testng-results ignored="0" total="2" passed="2" failed="0" skipped="0">
  <reporter-output>
  </reporter-output>
  <suite started-at="2023-01-19T17:22:10 IST" name="Default suite" finished-at="2023-01-19T17:22:11 IST" duration-ms="1508">
    <groups>
    </groups>
    <test started-at="2023-01-19T17:22:10 IST" name="Default test" finished-at="2023-01-19T17:22:11 IST" duration-ms="1508">
      <class name="Practice.ReaddatafromexcelbyusingDPTestNG">
        <test-method signature="readdata(java.lang.String,java.lang.String)[pri:0, instance:Practice.ReaddatafromexcelbyusingDPTestNG@9225652]" started-at="2023-01-19T17:22:11 IST" name="readdata" data-provider="dataproviderr" finished-at="2023-01-19T17:22:11 IST" duration-ms="10" status="PASS">
          <params>
            <param index="0">
              <value>
                <![CDATA[Mysore]]>
              </value>
            </param>
            <param index="1">
              <value>
                <![CDATA[Rangasamudra]]>
              </value>
            </param>
          </params>
          <reporter-output>
          </reporter-output>
        </test-method> <!-- readdata -->
        <test-method signature="readdata(java.lang.String,java.lang.String)[pri:0, instance:Practice.ReaddatafromexcelbyusingDPTestNG@9225652]" started-at="2023-01-19T17:22:11 IST" name="readdata" data-provider="dataproviderr" finished-at="2023-01-19T17:22:11 IST" duration-ms="5" status="PASS">
          <params>
            <param index="0">
              <value>
                <![CDATA[Bangalore]]>
              </value>
            </param>
            <param index="1">
              <value>
                <![CDATA[Bannur]]>
              </value>
            </param>
          </params>
          <reporter-output>
          </reporter-output>
        </test-method> <!-- readdata -->
      </class> <!-- Practice.ReaddatafromexcelbyusingDPTestNG -->
    </test> <!-- Default test -->
  </suite> <!-- Default suite -->
</testng-results>
